<?xml version="1.0" encoding="UTF-8"?>
<!-- Generated by org.testng.reporters.JUnitReportReporter -->
<testsuite skipped="2" hostname="admin-PC" name="openweather.Testcase1" tests="3" failures="0" timestamp="07 Jul 2019 07:12:17 GMT" time="144.552" errors="0">
  <testcase name="homepage" time="144.552" classname="openweather.Testcase1"/>
  <testcase name="invalid" classname="openweather.Testcase1">
    <skipped/>
  </testcase> <!-- invalid -->
  <testcase name="valid" classname="openweather.Testcase1">
    <skipped/>
  </testcase> <!-- valid -->
</testsuite> <!-- openweather.Testcase1 -->
